d:\cpp\pong\x64\debug\vc141.pdb
d:\cpp\pong\x64\debug\vc141.idb
d:\cpp\pong\x64\debug\vbo.obj
d:\cpp\pong\x64\debug\shaderclass.obj
d:\cpp\pong\x64\debug\ebo.obj
d:\cpp\pong\x64\debug\shader.obj
d:\cpp\pong\x64\debug\main.obj
d:\cpp\pong\x64\debug\window.obj
d:\cpp\pong\x64\debug\vao.obj
h:\opengl\pong\x64\debug\vc141.pdb
h:\opengl\pong\x64\debug\vc141.idb
h:\opengl\pong\x64\debug\window.obj
h:\opengl\pong\x64\debug\vbo.obj
h:\opengl\pong\x64\debug\vao.obj
h:\opengl\pong\x64\debug\shader.obj
h:\opengl\pong\x64\debug\main.obj
h:\opengl\pong\x64\debug\ebo.obj
h:\opengl\pong\x64\debug\stb.obj
h:\opengl\pong\x64\debug\glad.obj
d:\cpp\pong\x64\debug\stb.obj
d:\cpp\pong\x64\debug\glad.obj
h:\opengl\pong\x64\debug\pong.exe
h:\opengl\pong\x64\debug\pong.ilk
h:\opengl\pong\x64\debug\pong.pdb
d:\cpp\pong\x64\debug\pong.ilk
d:\cpp\pong\x64\debug\pong.exe
d:\cpp\pong\x64\debug\pong.pdb
d:\cpp\pong\x64\debug\pong.tlog\cl.command.1.tlog
d:\cpp\pong\x64\debug\pong.tlog\cl.read.1.tlog
d:\cpp\pong\x64\debug\pong.tlog\cl.write.1.tlog
d:\cpp\pong\x64\debug\pong.tlog\link.command.1.tlog
d:\cpp\pong\x64\debug\pong.tlog\link.read.1.tlog
d:\cpp\pong\x64\debug\pong.tlog\link.write.1.tlog
